SF:src\HallThruster.jl
LH:0
LF:0
end_of_record
SF:src\boundaryconditions.jl
DA:26,0
DA:27,0
DA:28,0
DA:30,0
DA:31,0
DA:33,0
DA:34,0
DA:35,0
DA:36,0
DA:37,0
DA:38,0
DA:39,0
DA:41,0
DA:42,0
DA:43,0
DA:45,0
DA:48,0
DA:51,0
DA:52,0
DA:53,0
DA:55,0
DA:57,0
DA:58,0
DA:59,0
DA:60,0
DA:61,0
DA:62,0
DA:64,0
DA:67,0
DA:70,0
DA:71,0
DA:72,0
DA:73,0
DA:74,0
DA:76,0
DA:80,0
DA:81,0
DA:82,0
DA:83,0
DA:84,0
DA:86,0
DA:90,0
DA:91,0
DA:93,0
DA:94,0
DA:97,0
DA:98,0
DA:99,0
DA:100,0
DA:101,0
DA:103,0
DA:105,0
DA:107,0
DA:108,0
DA:109,0
DA:110,0
DA:111,0
DA:114,0
DA:118,0
DA:119,0
DA:121,0
DA:122,0
DA:125,0
DA:126,0
DA:127,0
DA:128,0
DA:129,0
DA:131,0
DA:132,0
DA:135,0
DA:137,0
DA:141,0
DA:142,0
DA:143,0
DA:144,0
DA:145,0
DA:147,0
DA:151,0
DA:152,0
DA:153,0
DA:154,0
DA:155,0
DA:157,0
DA:161,0
DA:162,0
DA:163,0
DA:164,0
DA:165,0
DA:167,0
LH:0
LF:89
end_of_record
SF:src\configuration.jl
DA:13,0
DA:54,0
DA:55,0
DA:56,0
DA:57,0
DA:58,0
DA:59,0
DA:61,0
DA:63,0
DA:64,0
DA:65,0
DA:66,0
DA:68,0
DA:71,0
DA:73,0
DA:74,0
DA:75,0
DA:76,0
DA:77,0
DA:78,0
DA:79,0
DA:80,0
DA:84,0
DA:85,0
DA:87,0
DA:88,0
DA:89,0
DA:90,0
DA:91,0
DA:92,0
DA:93,0
DA:94,0
DA:95,0
DA:96,0
DA:97,0
DA:99,0
DA:100,0
DA:103,0
DA:104,0
DA:105,0
DA:106,0
DA:107,0
DA:108,0
DA:112,0
DA:113,0
DA:119,0
DA:123,0
DA:124,0
DA:126,0
DA:127,0
DA:129,0
DA:130,0
DA:132,0
DA:133,0
DA:134,0
DA:140,0
DA:141,0
DA:147,0
DA:148,0
DA:149,0
DA:150,0
DA:151,0
DA:152,0
DA:153,0
DA:154,0
DA:155,0
DA:158,0
DA:159,0
DA:160,0
DA:161,0
DA:162,0
DA:163,0
DA:166,0
DA:167,0
DA:169,0
DA:170,0
DA:173,0
DA:174,0
DA:175,0
DA:176,0
DA:177,0
DA:178,0
DA:179,0
DA:180,0
DA:183,0
DA:184,0
DA:185,0
DA:186,0
DA:187,0
DA:188,0
DA:189,0
DA:190,0
DA:191,0
DA:199,0
DA:200,0
DA:201,0
DA:204,0
DA:206,0
DA:207,0
DA:208,0
DA:211,0
DA:212,0
DA:213,0
DA:215,0
DA:217,0
DA:218,0
DA:220,0
DA:223,0
DA:225,0
DA:227,0
DA:228,0
DA:229,0
DA:231,0
DA:232,0
DA:234,0
DA:235,0
DA:237,0
DA:241,0
DA:243,0
DA:244,0
DA:246,0
DA:249,0
DA:250,0
DA:251,0
DA:252,0
DA:255,0
DA:282,0
DA:284,0
LH:0
LF:128
end_of_record
SF:src\conservationlaws.jl
DA:8,18
DA:14,6
DA:16,6
DA:17,6
DA:18,6
DA:19,6
DA:20,8
DA:21,4
DA:23,8
DA:25,10
DA:26,2
DA:28,10
DA:30,12
DA:31,6
DA:44,12
DA:45,12
DA:48,0
DA:60,12
DA:61,12
DA:63,2
DA:76,6
DA:77,6
LH:21
LF:22
end_of_record
SF:src\electronenergy.jl
DA:2,0
DA:3,0
DA:4,0
DA:6,0
DA:9,0
DA:10,0
DA:11,0
DA:12,0
DA:14,0
DA:16,0
DA:17,0
DA:28,0
DA:29,0
DA:30,0
DA:31,0
DA:32,0
DA:34,0
DA:37,0
DA:40,0
DA:41,0
DA:42,0
DA:43,0
DA:44,0
DA:46,0
DA:48,0
DA:58,0
DA:59,0
DA:60,0
DA:61,0
DA:62,0
DA:63,0
DA:66,0
DA:67,0
DA:70,0
DA:71,0
DA:72,0
DA:73,0
DA:74,0
DA:75,0
DA:76,0
DA:80,0
DA:84,0
DA:86,0
DA:87,0
DA:88,0
DA:89,0
DA:91,0
DA:93,0
DA:94,0
DA:95,0
DA:97,0
DA:98,0
DA:99,0
DA:101,0
DA:102,0
DA:103,0
DA:105,0
DA:106,0
DA:107,0
DA:109,0
DA:110,0
DA:111,0
DA:113,0
DA:115,0
DA:116,0
DA:117,0
DA:119,0
DA:120,0
DA:121,0
DA:123,0
DA:124,0
DA:126,0
DA:128,0
DA:130,0
DA:132,0
DA:135,0
DA:139,0
DA:140,0
DA:141,0
DA:142,0
DA:143,0
DA:144,0
DA:146,0
DA:147,0
DA:148,0
DA:149,0
DA:150,0
DA:152,0
DA:153,0
DA:154,0
DA:155,0
DA:158,0
DA:159,0
DA:160,0
DA:162,0
DA:163,0
DA:164,0
DA:166,0
DA:167,0
DA:168,0
DA:170,0
DA:171,0
DA:172,0
DA:174,0
DA:175,0
DA:176,0
DA:178,0
DA:179,0
DA:180,0
DA:182,0
DA:183,0
DA:184,0
DA:187,0
DA:188,0
DA:191,0
DA:192,0
DA:193,0
DA:194,0
DA:197,0
DA:200,0
DA:201,0
DA:202,0
DA:205,0
DA:206,0
DA:207,0
DA:210,0
DA:211,0
DA:212,0
DA:215,0
DA:216,0
DA:217,0
DA:220,0
DA:224,0
DA:227,0
DA:228,0
LH:0
LF:135
end_of_record
SF:src\electrontransport.jl
DA:6,0
DA:9,0
DA:10,0
DA:11,0
DA:12,0
DA:13,0
DA:15,0
DA:17,0
DA:18,0
DA:20,0
DA:22,0
DA:33,1
DA:34,1
DA:45,1
DA:46,1
DA:57,0
DA:61,0
DA:69,0
DA:70,0
DA:71,0
DA:73,0
DA:75,0
DA:78,0
DA:79,0
DA:89,0
DA:90,0
DA:91,0
DA:92,0
DA:100,0
DA:101,0
LH:4
LF:30
end_of_record
SF:src\fluid.jl
DA:2,12
DA:6,6
DA:8,0
DA:9,0
DA:11,0
DA:12,0
DA:13,0
DA:14,0
DA:15,0
DA:16,0
DA:17,0
DA:20,0
LH:2
LF:12
end_of_record
SF:src\flux.jl
DA:1,24
DA:2,24
DA:3,16
DA:4,16
DA:7,30
DA:8,30
DA:9,20
DA:10,40
DA:11,20
DA:14,30
DA:15,30
DA:16,20
DA:17,20
DA:18,20
DA:19,20
DA:26,2
DA:27,2
DA:28,2
DA:29,2
DA:30,4
DA:31,4
DA:32,2
DA:35,20
DA:36,20
DA:37,10
DA:39,10
DA:40,10
DA:42,10
DA:44,10
DA:45,10
DA:46,6
DA:48,4
DA:52,0
DA:53,0
DA:54,0
DA:56,0
DA:57,0
DA:59,0
DA:60,0
DA:62,0
DA:64,0
DA:65,0
DA:67,0
DA:69,0
DA:70,0
DA:72,0
DA:73,0
DA:75,0
DA:77,0
DA:78,0
DA:80,0
DA:83,12
DA:84,12
DA:85,6
DA:87,6
DA:88,6
DA:90,6
DA:91,6
DA:93,6
DA:94,6
DA:96,6
DA:98,6
DA:100,10
DA:101,10
DA:103,6
DA:104,6
DA:106,6
DA:107,6
DA:109,8
DA:110,8
DA:112,6
LH:52
LF:71
end_of_record
SF:src\gas.jl
DA:24,4
DA:34,6
DA:35,2
DA:48,4
DA:49,8
DA:50,4
DA:51,4
DA:52,4
DA:54,4
DA:58,0
DA:77,20
DA:82,20
DA:83,20
DA:86,20
DA:87,6
DA:89,20
DA:90,29
DA:91,20
DA:92,20
DA:95,28
LH:19
LF:20
end_of_record
SF:src\geometry.jl
DA:19,0
DA:20,0
DA:27,0
DA:34,0
DA:36,0
DA:39,0
DA:42,0
DA:45,0
DA:48,0
LH:0
LF:9
end_of_record
SF:src\ionization.jl
DA:2,10
DA:15,3
DA:16,3
DA:17,1
DA:19,2
DA:24,1
DA:25,1
DA:26,1
DA:27,0
DA:28,1
DA:29,0
DA:31,1
DA:32,1
DA:35,103
DA:36,103
DA:38,103
DA:39,2
DA:40,101
DA:41,1
DA:42,100
DA:43,0
DA:46,100
DA:47,100
DA:48,574
DA:49,574
DA:50,574
DA:51,254
DA:52,320
DA:53,220
DA:55,574
DA:60,4
DA:61,4
DA:62,4
DA:63,4
DA:64,4
DA:65,4
DA:66,4
DA:67,4
DA:70,2
DA:71,2
DA:72,2
DA:73,2
DA:74,1
DA:75,1
DA:76,1
DA:77,1
DA:80,0
DA:81,0
DA:82,0
DA:83,0
DA:84,0
DA:85,0
DA:86,0
DA:87,0
DA:88,0
DA:89,0
DA:92,3
DA:93,3
DA:96,0
DA:97,0
DA:98,0
DA:99,0
DA:100,0
DA:101,0
DA:102,0
DA:103,0
DA:108,0
DA:111,0
DA:113,0
DA:115,0
DA:116,0
DA:119,0
DA:120,0
DA:123,0
DA:124,0
DA:127,0
DA:128,0
DA:131,0
DA:132,0
DA:135,0
DA:136,0
DA:139,0
DA:140,0
DA:141,0
DA:142,0
DA:143,0
DA:144,0
DA:146,0
DA:150,0
LH:45
LF:89
end_of_record
SF:src\landmark_cases.jl
DA:13,0
DA:14,0
DA:15,0
DA:17,0
DA:19,0
DA:27,0
DA:28,0
DA:29,0
DA:30,0
DA:31,0
DA:35,0
DA:36,0
DA:37,0
DA:38,0
DA:39,0
DA:40,0
DA:41,0
DA:44,0
DA:74,0
DA:76,0
LH:0
LF:20
end_of_record
SF:src\limiters.jl
DA:5,2916
DA:6,2916
DA:7,276
DA:9,1194
DA:11,1470
DA:15,197
DA:16,197
DA:17,197
DA:18,197
DA:19,197
DA:20,197
DA:22,0
DA:23,0
DA:24,0
DA:25,0
LH:11
LF:15
end_of_record
SF:src\physicalconstants.jl
LH:0
LF:0
end_of_record
SF:src\postprocess.jl
DA:10,0
DA:11,0
DA:21,0
DA:22,0
DA:35,0
DA:36,0
DA:37,0
DA:38,0
DA:39,0
DA:45,0
DA:47,0
DA:50,0
DA:51,0
DA:52,0
DA:53,0
DA:56,0
DA:57,0
DA:60,0
DA:61,0
DA:62,0
DA:63,0
DA:64,0
DA:65,0
DA:66,0
DA:67,0
DA:68,0
DA:69,0
DA:70,0
DA:71,0
DA:72,0
DA:73,0
DA:74,0
DA:75,0
DA:76,0
DA:77,0
DA:78,0
DA:79,0
DA:80,0
DA:81,0
DA:82,0
DA:83,0
DA:84,0
DA:85,0
DA:86,0
DA:87,0
DA:88,0
DA:89,0
DA:96,0
DA:97,0
DA:99,0
DA:103,0
DA:104,0
LH:0
LF:52
end_of_record
SF:src\potential.jl
DA:15,0
DA:18,0
DA:19,0
DA:20,0
DA:21,0
DA:23,0
DA:24,0
DA:31,0
DA:32,0
DA:34,0
DA:35,0
DA:37,0
DA:38,0
DA:39,0
DA:40,0
DA:42,0
DA:44,0
DA:46,0
DA:47,0
DA:48,0
DA:49,0
DA:56,0
DA:58,0
DA:61,0
DA:62,0
DA:63,0
DA:65,0
DA:66,0
DA:67,0
DA:71,0
DA:74,0
DA:77,0
DA:80,1
DA:81,1
DA:83,2
DA:84,3
DA:85,3
DA:86,3
DA:90,1
DA:91,1
DA:92,1
DA:94,2
DA:95,3
DA:101,1
DA:102,1
DA:103,1
DA:106,1
DA:107,1
DA:108,1
DA:109,1
DA:110,1
DA:111,1
DA:119,0
DA:120,0
DA:121,0
LH:20
LF:55
end_of_record
SF:src\simulation.jl
DA:1,0
DA:3,0
DA:4,0
DA:5,0
DA:6,0
DA:7,0
DA:10,0
DA:13,0
DA:15,0
DA:16,0
DA:17,0
DA:18,0
DA:19,0
DA:20,0
DA:21,0
DA:22,0
DA:26,0
DA:27,0
DA:29,0
DA:30,0
DA:31,0
DA:32,0
DA:33,0
DA:34,0
DA:35,0
DA:36,0
DA:37,0
DA:38,0
DA:39,0
DA:40,0
DA:41,0
DA:42,0
DA:43,0
DA:44,0
DA:45,0
DA:47,0
DA:48,0
DA:51,0
DA:55,0
DA:56,0
DA:58,0
DA:60,0
DA:67,0
DA:69,0
DA:70,0
DA:72,0
DA:73,0
DA:75,0
DA:78,0
DA:79,0
DA:82,0
DA:85,0
DA:86,0
DA:88,0
DA:90,0
DA:91,0
DA:92,0
DA:94,0
DA:95,0
DA:97,0
DA:98,0
DA:99,0
DA:100,0
DA:101,0
DA:102,0
DA:103,0
DA:105,0
DA:108,0
DA:110,0
DA:111,0
DA:113,0
DA:117,0
DA:118,0
DA:119,0
DA:121,0
DA:123,0
DA:124,0
DA:126,0
DA:129,0
DA:131,0
DA:132,0
DA:134,0
DA:137,0
DA:139,0
DA:140,0
DA:142,0
DA:144,0
DA:146,0
DA:147,0
DA:151,0
DA:152,0
DA:153,0
DA:154,0
DA:155,0
DA:156,0
DA:157,0
DA:158,0
DA:163,0
DA:164,0
DA:165,0
DA:168,0
DA:169,0
DA:171,0
DA:172,0
DA:173,0
DA:174,0
DA:175,0
DA:177,0
DA:180,0
DA:181,0
DA:182,0
DA:183,0
DA:184,0
DA:188,0
DA:189,0
DA:192,0
DA:194,0
DA:195,0
DA:196,0
DA:198,0
DA:204,0
DA:205,0
DA:207,0
DA:208,0
DA:212,0
DA:213,0
DA:214,0
DA:215,0
DA:216,0
DA:217,0
DA:218,0
DA:219,0
DA:220,0
DA:221,0
DA:222,0
DA:223,0
DA:225,0
DA:227,0
DA:228,0
DA:229,0
DA:231,0
DA:232,0
DA:233,0
DA:234,0
DA:235,0
DA:236,0
DA:240,0
DA:242,0
DA:243,0
DA:246,0
DA:248,0
DA:251,0
DA:254,0
DA:255,0
DA:257,0
DA:258,0
DA:261,0
DA:262,0
DA:266,0
DA:267,0
DA:268,0
DA:269,0
DA:270,0
DA:271,0
DA:275,0
DA:276,0
DA:282,0
DA:286,0
DA:287,0
DA:289,0
DA:290,0
DA:292,0
DA:293,0
DA:295,0
DA:296,0
DA:297,0
DA:303,0
DA:304,0
DA:310,0
DA:311,0
DA:312,0
DA:313,0
DA:314,0
DA:315,0
DA:316,0
DA:317,0
DA:318,0
DA:321,0
DA:322,0
DA:323,0
DA:324,0
DA:325,0
DA:326,0
DA:328,0
DA:330,0
DA:331,0
DA:332,0
DA:333,0
DA:335,0
DA:338,0
DA:340,0
DA:342,0
DA:343,0
DA:345,0
DA:347,0
DA:348,0
DA:349,0
DA:350,0
DA:352,0
DA:353,0
DA:354,0
DA:355,0
DA:358,0
DA:359,0
DA:360,0
DA:361,0
DA:362,0
DA:365,0
DA:366,0
DA:367,0
DA:369,0
DA:371,0
DA:372,0
DA:373,0
DA:374,0
DA:375,0
DA:377,0
DA:381,0
DA:383,0
DA:385,0
DA:387,0
DA:414,0
DA:416,0
DA:417,0
DA:418,0
DA:421,0
DA:423,0
DA:424,0
DA:426,0
DA:427,0
DA:429,0
DA:432,0
DA:434,0
DA:436,0
DA:437,0
DA:439,0
DA:445,0
DA:448,0
DA:453,0
DA:456,0
DA:457,0
DA:458,0
DA:459,0
DA:460,0
DA:461,0
DA:464,0
DA:465,0
DA:466,0
DA:473,0
DA:474,0
DA:477,0
DA:478,0
DA:479,0
DA:480,0
DA:484,0
DA:485,0
DA:486,0
DA:487,0
DA:488,0
LH:0
LF:269
end_of_record
SF:src\sourceterms.jl
DA:1,0
DA:2,0
DA:3,0
DA:4,0
DA:5,0
DA:6,0
DA:8,0
DA:9,0
DA:10,0
DA:12,0
DA:13,0
DA:14,0
DA:15,0
DA:16,0
DA:17,0
DA:19,0
DA:20,0
DA:21,0
DA:26,0
DA:27,0
DA:28,0
DA:29,0
DA:30,0
DA:31,0
DA:32,0
DA:33,0
DA:34,0
DA:42,0
DA:43,0
DA:44,0
DA:45,0
DA:46,0
DA:47,0
DA:48,0
DA:49,0
DA:55,0
DA:56,0
DA:59,0
DA:60,0
DA:70,0
DA:71,0
DA:72,0
DA:73,0
DA:74,0
DA:75,0
DA:76,0
DA:77,0
DA:78,0
LH:0
LF:48
end_of_record
SF:src\thermodynamics.jl
DA:1,104
DA:2,22
DA:3,90
DA:4,14
DA:5,42
DA:7,14
DA:8,58
DA:10,50
DA:11,52
DA:12,20
DA:14,0
DA:15,0
DA:16,0
DA:18,0
DA:22,48
DA:23,36
DA:24,16
DA:26,0
DA:27,0
DA:28,0
DA:30,0
DA:34,26
DA:35,60
DA:36,36
DA:38,0
DA:39,0
DA:40,0
DA:42,0
DA:46,40
DA:47,40
DA:48,12
DA:50,28
DA:54,42
DA:55,42
DA:56,4
DA:58,38
DA:62,14
DA:63,14
DA:64,4
DA:66,10
DA:70,34
DA:71,12
DA:73,34
DA:74,12
DA:75,12
LH:33
LF:45
end_of_record
SF:src\types.jl
LH:0
LF:0
end_of_record
SF:src\utility_functions.jl
DA:17,0
DA:31,6
DA:32,6
DA:33,6
DA:34,6
DA:53,6
DA:54,6
DA:55,6
DA:56,6
DA:75,6
DA:76,6
DA:77,6
DA:78,6
DA:97,6
DA:98,6
DA:99,6
DA:100,6
DA:101,6
DA:123,2
DA:124,2
DA:125,2
DA:143,2
DA:144,2
DA:145,2
DA:163,2
DA:164,2
DA:165,2
DA:183,2
DA:184,2
DA:185,2
LH:29
LF:30
end_of_record
